{"level":"info","message":"User List","service":"auth-service","timestamp":"2025-12-29T06:21:06.320Z"}
{"0":{"createdAt":"2025-12-29T06:21:20.708Z","email":"admin@gmail.com","id":"cmjqrsmv80001nhcz4yw27ewu","role":"ADMIN","updatedAt":"2025-12-29T06:21:20.708Z"},"1":{"createdAt":"2025-12-29T06:21:13.250Z","email":"salem@gmail.com","id":"cmjqrsh420000nhczppcsvto2","role":"ADMIN","updatedAt":"2025-12-29T06:21:13.250Z"},"level":"info","message":"User List","service":"auth-service","timestamp":"2025-12-29T06:21:23.322Z"}
{"0":{"createdAt":"2025-12-29T06:21:20.708Z","email":"admin@gmail.com","id":"cmjqrsmv80001nhcz4yw27ewu","role":"ADMIN","updatedAt":"2025-12-29T06:21:20.708Z"},"1":{"createdAt":"2025-12-29T06:21:13.250Z","email":"salem@gmail.com","id":"cmjqrsh420000nhczppcsvto2","role":"ADMIN","updatedAt":"2025-12-29T06:21:13.250Z"},"level":"info","message":"User List","service":"auth-service","timestamp":"2025-12-29T06:21:36.811Z"}
{"0":{"createdAt":"2025-12-29T07:11:15.002Z","email":"admin1@gmail.com","id":"cmjqtkta20000dbczahnvduou","role":"ADMIN","updatedAt":"2025-12-29T07:11:15.002Z"},"level":"info","message":"User List","service":"auth-service","timestamp":"2025-12-29T07:11:28.832Z"}
{"0":{"createdAt":"2025-12-29T07:11:15.002Z","email":"admin1@gmail.com","id":"cmjqtkta20000dbczahnvduou","role":"ADMIN","updatedAt":"2025-12-29T07:11:15.002Z"},"level":"info","message":"User List","service":"auth-service","timestamp":"2025-12-29T07:11:45.034Z"}
{"0":{"createdAt":"2025-12-29T07:11:15.002Z","email":"admin1@gmail.com","id":"cmjqtkta20000dbczahnvduou","role":"ADMIN","updatedAt":"2025-12-29T07:11:15.002Z"},"level":"info","message":"User List","service":"auth-service","timestamp":"2025-12-29T07:13:39.868Z"}
{"level":"info","message":"Auth Service running on port 3000","service":"auth-service","timestamp":"2025-12-29T12:49:34.344Z"}
{"level":"info","message":"Auth Service running on port 3000","service":"auth-service","timestamp":"2025-12-29T12:51:11.406Z"}
{"level":"info","message":"Auth Service running on port 3000","service":"auth-service","timestamp":"2025-12-29T12:51:13.436Z"}
{"level":"info","message":"Auth Service running on port 3000","service":"auth-service","timestamp":"2025-12-29T12:52:15.866Z"}
{"level":"info","message":"Auth Service running on port 3000","service":"auth-service","timestamp":"2025-12-29T12:57:20.259Z"}
{"level":"info","message":"Auth Service running on port 3000","service":"auth-service","timestamp":"2025-12-29T12:57:20.261Z"}
{"level":"info","message":"Auth Service running on port 3000","service":"auth-service","timestamp":"2025-12-29T12:57:23.994Z"}
{"level":"info","message":"Auth Service running on port 3000","service":"auth-service","timestamp":"2025-12-29T12:57:24.010Z"}
{"level":"info","message":"Auth Service running on port http3000","service":"auth-service","timestamp":"2025-12-29T12:57:35.912Z"}
{"level":"info","message":"Auth Service running on port http:3000","service":"auth-service","timestamp":"2025-12-29T12:57:37.350Z"}
{"level":"info","message":"Auth Service running on port http:3000","service":"auth-service","timestamp":"2025-12-29T12:57:37.361Z"}
{"level":"info","message":"Auth Service running on port http://3000","service":"auth-service","timestamp":"2025-12-29T12:57:39.463Z"}
{"level":"info","message":"Auth Service running on port http://3000","service":"auth-service","timestamp":"2025-12-29T12:57:39.497Z"}
{"level":"info","message":"Auth Service running on port http://localhost:3000","service":"auth-service","timestamp":"2025-12-29T12:57:44.478Z"}
{"level":"info","message":"Auth Service running on port http://localhost:3000","service":"auth-service","timestamp":"2025-12-29T12:57:44.491Z"}
{"level":"info","message":"Auth Service running on port http://localhost:3000","service":"auth-service","timestamp":"2025-12-29T12:58:34.128Z"}
{"level":"info","message":"Auth Service running on port http://localhost:3000","service":"auth-service","timestamp":"2025-12-29T12:58:34.131Z"}
{"level":"info","message":"Auth Service running on port http://localhost:3000","service":"auth-service","timestamp":"2025-12-29T13:00:30.438Z"}
{"level":"info","message":"Auth Service running on port http://localhost:3000","service":"auth-service","timestamp":"2025-12-29T13:00:30.452Z"}
{"level":"info","message":"Auth Service running on port http://localhost:3000","service":"auth-service","timestamp":"2025-12-29T13:00:35.322Z"}
{"level":"info","message":"Auth Service running on port http://localhost:3000","service":"auth-service","timestamp":"2025-12-29T13:00:35.342Z"}
{"level":"info","message":"Auth Service running on port http://localhost:3000","service":"auth-service","timestamp":"2025-12-29T13:00:48.084Z"}
{"level":"info","message":"Auth Service running on port http://localhost:3000","service":"auth-service","timestamp":"2025-12-29T13:00:48.116Z"}
{"level":"info","message":"Auth Service running on port http://localhost:3000","service":"auth-service","timestamp":"2025-12-29T13:00:55.356Z"}
{"level":"info","message":"Auth Service running on port http://localhost:3000","service":"auth-service","timestamp":"2025-12-29T13:00:55.361Z"}
{"level":"info","message":"Auth Service running on port http://localhost:3000","service":"auth-service","timestamp":"2025-12-29T13:00:59.835Z"}
{"level":"info","message":"Auth Service running on port http://localhost:3000","service":"auth-service","timestamp":"2025-12-29T13:00:59.863Z"}
{"level":"info","message":"Auth Service running on port http://localhost:3000","service":"auth-service","timestamp":"2025-12-29T13:01:26.400Z"}
{"level":"info","message":"Auth Service running on port http://localhost:3000","service":"auth-service","timestamp":"2025-12-29T13:03:39.471Z"}
{"level":"info","message":"Auth Service running on port http://localhost:3000","service":"auth-service","timestamp":"2025-12-29T13:03:48.226Z"}
{"level":"info","message":"Auth Service running on port http://localhost:3000","service":"auth-service","timestamp":"2025-12-29T13:03:48.235Z"}
{"level":"info","message":"Auth Service running on port http://localhost:3000","service":"auth-service","timestamp":"2025-12-29T13:03:48.332Z"}
{"level":"info","message":"Auth Service running on port http://localhost:3000","service":"auth-service","timestamp":"2025-12-29T13:09:17.632Z"}
{"level":"info","message":"Auth Service running on port http://localhost:3000","service":"auth-service","timestamp":"2025-12-29T13:09:17.678Z"}
{"level":"info","message":"Auth Service running on port http://localhost:3000","service":"auth-service","timestamp":"2025-12-29T13:09:19.822Z"}
{"level":"info","message":"Auth Service running on port http://localhost:3000","service":"auth-service","timestamp":"2025-12-29T13:09:19.826Z"}
{"level":"info","message":"Auth Service running on port http://localhost:3000","service":"auth-service","timestamp":"2025-12-29T13:09:21.715Z"}
{"level":"info","message":"Auth Service running on port http://localhost:3000","service":"auth-service","timestamp":"2025-12-29T13:09:21.772Z"}
{"level":"info","message":"Auth Service running on port http://localhost:3000","service":"auth-service","timestamp":"2025-12-29T13:11:02.025Z"}
{"level":"info","message":"Auth Service running on port http://localhost:3000","service":"auth-service","timestamp":"2025-12-29T13:12:22.406Z"}
{"level":"info","message":"Auth Service running on port http://localhost:3000","service":"auth-service","timestamp":"2025-12-29T13:12:22.406Z"}
{"level":"info","message":"Auth Service running on port http://localhost:3000","service":"auth-service","timestamp":"2025-12-29T13:12:31.990Z"}
{"level":"info","message":"Auth Service running on port http://localhost:3000","service":"auth-service","timestamp":"2025-12-29T13:13:19.165Z"}
{"level":"info","message":"Auth Service running on port http://localhost:3000","service":"auth-service","timestamp":"2025-12-29T13:13:37.970Z"}
{"comingFrom":"AuthService","ip":"127.0.0.1","level":"error","message":"Invalid credentials","requestId":"N/A","service":"auth-service","stack":"Error: Invalid credentials\n    at Object.login (/home/teme/Desktop/blogMicro/auth-service/src/modules/auth/auth.service.ts:50:13)\n    at processTicksAndRejections (node:internal/process/task_queues:105:5)\n    at async /home/teme/Desktop/blogMicro/auth-service/src/modules/auth/auth.controller.ts:26:49","status":"error","statusCode":401,"timestamp":"2025-12-29T13:23:06.467Z","userAgent":"curl/8.12.1"}
{"level":"info","message":"Auth Service running on port http://localhost:3005","service":"auth-service","timestamp":"2025-12-29T13:25:01.455Z"}
{"level":"error","message":"Port 3005 is already in use","service":"auth-service","timestamp":"2025-12-29T13:25:01.456Z"}
{"level":"info","message":"Auth Service running on port http://localhost:3005","service":"auth-service","timestamp":"2025-12-29T13:25:23.105Z"}
{"level":"error","message":"Port 3005 is already in use","service":"auth-service","timestamp":"2025-12-29T13:25:23.106Z"}
{"level":"info","message":"Auth Service running on port http://localhost:3005","service":"auth-service","timestamp":"2025-12-29T13:25:25.576Z"}
{"level":"error","message":"Port 3005 is already in use","service":"auth-service","timestamp":"2025-12-29T13:25:25.577Z"}
{"level":"info","message":"Auth Service running on port http://localhost:4000","service":"auth-service","timestamp":"2025-12-29T13:25:43.330Z"}
{"comingFrom":"notFoundHandler() Middleware","ip":"127.0.0.1","level":"error","message":"Route /favicon.ico not found","requestId":"N/A","service":"auth-service","stack":"Error: Route /favicon.ico not found\n    at notFoundHandler (/home/teme/Desktop/blogMicro/auth-service/src/utils/error/not_found_error.ts:6:5)\n    at Layer.handleRequest (/home/teme/Desktop/blogMicro/auth-service/node_modules/router/lib/layer.js:152:17)\n    at trimPrefix (/home/teme/Desktop/blogMicro/auth-service/node_modules/router/index.js:342:13)\n    at /home/teme/Desktop/blogMicro/auth-service/node_modules/router/index.js:297:9\n    at processParams (/home/teme/Desktop/blogMicro/auth-service/node_modules/router/index.js:582:12)\n    at next (/home/teme/Desktop/blogMicro/auth-service/node_modules/router/index.js:291:5)\n    at cookieParser (/home/teme/Desktop/blogMicro/auth-service/node_modules/cookie-parser/index.js:71:5)\n    at Layer.handleRequest (/home/teme/Desktop/blogMicro/auth-service/node_modules/router/lib/layer.js:152:17)\n    at trimPrefix (/home/teme/Desktop/blogMicro/auth-service/node_modules/router/index.js:342:13)\n    at /home/teme/Desktop/blogMicro/auth-service/node_modules/router/index.js:297:9","status":"error","statusCode":404,"timestamp":"2025-12-29T13:25:47.780Z","userAgent":"Mozilla/5.0 (X11; Linux x86_64) AppleWebKit/537.36 (KHTML, like Gecko) Chrome/143.0.0.0 Safari/537.36"}
{"level":"info","message":"Auth Service running on port http://localhost:4000","service":"auth-service","timestamp":"2025-12-29T13:26:51.750Z"}
{"level":"info","message":"Auth Service running on port http://localhost:4000","service":"auth-service","timestamp":"2025-12-29T13:28:58.352Z"}
{"level":"info","message":"Auth Service running on port http://localhost:4000","service":"auth-service","timestamp":"2025-12-29T13:29:02.844Z"}
{"level":"info","message":"Auth Service running on port http://localhost:4000","service":"auth-service","timestamp":"2025-12-29T13:29:16.473Z"}
{"level":"info","message":"Auth Service running on port http://localhost:4000","service":"auth-service","timestamp":"2025-12-29T13:29:39.976Z"}
{"level":"info","message":"Auth Service running on port http://localhost:4000","service":"auth-service","timestamp":"2025-12-29T13:30:49.935Z"}
{"level":"info","message":"Auth Service running on port http://localhost:4000","service":"auth-service","timestamp":"2025-12-29T13:35:48.405Z"}
{"level":"error","message":"PrismaClientKnownRequestError: \nInvalid `db.user.findUnique()` invocation in\n/home/teme/Desktop/blogMicro/auth-service/src/modules/auth/auth.repository.ts:6:20\n\n  3 \n  4 export const authRepository = {\n  5   findByEmail: async (email: string) => {\n→ 6     return db.user.findUnique(\nDatabase `blogPostDb` does not exist on the database server","service":"auth-service","timestamp":"2025-12-29T13:35:57.715Z"}
{"comingFrom":"Prisma","ip":"127.0.0.1","level":"error","message":"Database error occurred","requestId":"N/A","service":"auth-service","stack":"PrismaClientKnownRequestError: \nInvalid `db.user.findUnique()` invocation in\n/home/teme/Desktop/blogMicro/auth-service/src/modules/auth/auth.repository.ts:6:20\n\n  3 \n  4 export const authRepository = {\n  5   findByEmail: async (email: string) => {\n→ 6     return db.user.findUnique(\nDatabase `blogPostDb` does not exist on the database server\n    at qr.handleRequestError (/home/teme/Desktop/blogMicro/auth-service/node_modules/@prisma/client/src/runtime/RequestHandler.ts:228:13)\n    at qr.handleAndLogRequestError (/home/teme/Desktop/blogMicro/auth-service/node_modules/@prisma/client/src/runtime/RequestHandler.ts:174:12)\n    at qr.request (/home/teme/Desktop/blogMicro/auth-service/node_modules/@prisma/client/src/runtime/RequestHandler.ts:143:12)\n    at processTicksAndRejections (node:internal/process/task_queues:105:5)\n    at async a (/home/teme/Desktop/blogMicro/auth-service/node_modules/@prisma/client/src/runtime/getPrismaClient.ts:805:24)\n    at async Object.register (/home/teme/Desktop/blogMicro/auth-service/src/modules/auth/auth.service.ts:23:26)\n    at async /home/teme/Desktop/blogMicro/auth-service/src/modules/auth/auth.controller.ts:19:18","statusCode":500,"timestamp":"2025-12-29T13:35:57.716Z","userAgent":"PostmanRuntime/7.49.1"}
{"level":"info","message":"Auth Service running on port http://localhost:4000","service":"auth-service","timestamp":"2025-12-29T13:40:18.839Z"}
{"level":"info","message":"Auth Service running on port http://localhost:4000","service":"auth-service","timestamp":"2025-12-29T13:40:18.844Z"}
{"level":"info","message":"Auth Service running on port http://localhost:4000","service":"auth-service","timestamp":"2025-12-29T13:40:27.230Z"}
{"0":{"avatarUrl":"https://www.gravatar.com/avatar/","createdAt":"2025-12-29T13:40:47.064Z","email":"admin2@gmail.com","id":"cmjr7hra00000diczc7wirm7p","name":null,"role":"ADMIN","updatedAt":"2025-12-29T13:40:47.064Z"},"level":"info","message":"User List","service":"auth-service","timestamp":"2025-12-29T13:41:07.429Z"}
